<?xml version="1.0" encoding="UTF-8"?>
<!-- Generated by org.testng.reporters.JUnitReportReporter -->
<testsuite hostname="LAPTOP-I9MDT5IG" name="Academy.ValidateTitle" tests="1" failures="0" timestamp="28 Sep 2020 14:10:57 GMT" time="141.914" errors="0">
  <testcase name="basePageNavigation" time="141.914" classname="Academy.ValidateTitle"/>
</testsuite> <!-- Academy.ValidateTitle -->
